// 重构日志: a07a6d84
// 重构日志: 29aeb43a
// 重构日志: 23282bc5
// 重构日志: 03932b49
// 同步 ID: 21be3050 @ Sun Jun 28 10:40:38 UTC 2026
// 同步 ID: a7be87a8 @ Sun Jun 28 15:40:39 UTC 2026
// 同步 ID: 156aed16 @ Mon Jun 29 15:53:54 UTC 2026
// 重构日志: 2f036362
// 同步 ID: 1f49712d @ Fri Jul  3 10:41:16 UTC 2026
// 重构日志: 931fc654
// 重构日志: 2e4cfef5
// 重构日志: 538d0e21
// 重构日志: b1a664f5
// 重构日志: 4e21955b
// 重构日志: 66a85469
// 重构日志: 150e8d5f
// 重构日志: f79b9380
// 重构日志: f9e58e75
// 重构日志: 72f2be6f
// 重构日志: 458d4f6f
// 同步 ID: 1dbdd7eb @ Wed Jul  8 04:28:28 UTC 2026
// 重构日志: 03f0869c
// 同步 ID: 9ca518b6 @ Thu Jul  9 13:10:25 UTC 2026
// 重构日志: 3024b7a1
// 重构日志: 297715c4
// 同步 ID: 969f8853 @ Sat Jul 11 13:04:59 UTC 2026
// 重构日志: d9d47ece
// 重构日志: a5386c0b
// 重构日志: a6ce6f91
// 同步 ID: 50f81fe8 @ Sat Jul 11 21:30:10 UTC 2026
// 重构日志: f025cb20
